TN:
SF:dist/index.js
FN:1,t
FN:1,r
FN:1,(anonymous_2)
FN:1,(anonymous_3)
FN:1,n
FN:1,(anonymous_5)
FN:1,o
FN:1,(anonymous_7)
FNF:8
FNH:8
FNDA:39,t
FNDA:11,r
FNDA:31,(anonymous_2)
FNDA:10,(anonymous_3)
FNDA:4,n
FNDA:14,(anonymous_5)
FNDA:24,o
FNDA:39,(anonymous_7)
DA:1,39
LF:1
LH:1
BRDA:1,0,0,39
BRDA:1,0,1,31
BRDA:1,1,0,10
BRDA:1,1,1,21
BRDA:1,2,0,10
BRDA:1,2,1,2
BRDA:1,3,0,21
BRDA:1,3,1,12
BRDA:1,4,0,14
BRDA:1,4,1,8
BRDA:1,5,0,39
BRDA:1,5,1,31
BRDA:1,6,0,16
BRDA:1,6,1,15
BRDA:1,7,0,31
BRDA:1,7,1,25
BRDA:1,8,0,4
BRDA:1,8,1,11
BRDA:1,9,0,11
BRDA:1,9,1,11
BRDA:1,9,2,11
BRDA:1,10,0,16
BRDA:1,10,1,8
BRF:23
BRH:23
end_of_record
